[debug] [2021-02-13T23:57:21.278Z] ----------------------------------------------------------------------
[debug] [2021-02-13T23:57:21.280Z] Command:       /usr/local/bin/node /usr/local/bin/firebase init hosting:github
[debug] [2021-02-13T23:57:21.280Z] CLI Version:   9.3.0
[debug] [2021-02-13T23:57:21.280Z] Platform:      darwin
[debug] [2021-02-13T23:57:21.280Z] Node Version:  v14.15.0
[debug] [2021-02-13T23:57:21.282Z] Time:          Sun Feb 14 2021 10:57:21 GMT+1100 (Australian Eastern Daylight Time)
[debug] [2021-02-13T23:57:21.282Z] ----------------------------------------------------------------------
[debug] [2021-02-13T23:57:21.282Z] 
[debug] [2021-02-13T23:57:21.284Z] >>> [apiv2][query] GET https://firebase-public.firebaseio.com/cli.json [none]
[debug] [2021-02-13T23:57:21.303Z] > command requires scopes: ["email","openid","https://www.googleapis.com/auth/cloudplatformprojects.readonly","https://www.googleapis.com/auth/firebase","https://www.googleapis.com/auth/cloud-platform"]
[debug] [2021-02-13T23:57:21.304Z] > authorizing via signed-in user
[info] 
     ######## #### ########  ######## ########     ###     ######  ########
     ##        ##  ##     ## ##       ##     ##  ##   ##  ##       ##
     ######    ##  ########  ######   ########  #########  ######  ######
     ##        ##  ##    ##  ##       ##     ## ##     ##       ## ##
     ##       #### ##     ## ######## ########  ##     ##  ######  ########

You're about to initialize a Firebase project in this directory:

  /Users/allancheung/code/trading-budget

Before we get started, keep in mind:

  * You are initializing in an existing Firebase project directory

[info] 
=== Project Setup
[info] 
[info] First, let's associate this project directory with a Firebase project.
[info] You can create multiple project aliases by running firebase use --add, 
[info] but for now we'll just set up a default project.
[info] 
[info] i  .firebaserc already has a default project, using tradingbudget. 
[debug] [2021-02-13T23:57:21.310Z] > refreshing access token with scopes: []
[debug] [2021-02-13T23:57:21.310Z] >>> HTTP REQUEST POST https://www.googleapis.com/oauth2/v3/token  
 <request body omitted>
[debug] [2021-02-13T23:57:21.578Z] <<< HTTP RESPONSE 200 {"date":"Sat, 13 Feb 2021 23:57:21 GMT","expires":"Mon, 01 Jan 1990 00:00:00 GMT","cache-control":"no-cache, no-store, max-age=0, must-revalidate","pragma":"no-cache","content-type":"application/json; charset=utf-8","vary":"X-Origin, Referer, Origin,Accept-Encoding","server":"scaffolding on HTTPServer2","x-xss-protection":"0","x-frame-options":"SAMEORIGIN","x-content-type-options":"nosniff","alt-svc":"h3-29=\":443\"; ma=2592000,h3-T051=\":443\"; ma=2592000,h3-Q050=\":443\"; ma=2592000,h3-Q046=\":443\"; ma=2592000,h3-Q043=\":443\"; ma=2592000,quic=\":443\"; ma=2592000; v=\"46,43\"","accept-ranges":"none","transfer-encoding":"chunked"}
[debug] [2021-02-13T23:57:21.612Z] >>> [apiv2][query] GET https://firebase.googleapis.com/v1beta1/projects/tradingbudget [none]
[debug] [2021-02-13T23:57:22.019Z] <<< [apiv2][status] GET https://firebase-public.firebaseio.com/cli.json 200
[debug] [2021-02-13T23:57:22.019Z] <<< [apiv2][body] GET https://firebase-public.firebaseio.com/cli.json {"cloudBuildErrorAfter":1594252800000,"cloudBuildWarnAfter":1590019200000,"defaultNode10After":1594252800000,"minVersion":"3.0.5","node8DeploysDisabledAfter":1613390400000,"node8RuntimeDisabledAfter":1615809600000,"node8WarnAfter":1600128000000}
[debug] [2021-02-13T23:57:22.087Z] <<< [apiv2][status] GET https://firebase.googleapis.com/v1beta1/projects/tradingbudget 200
[debug] [2021-02-13T23:57:22.087Z] <<< [apiv2][body] GET https://firebase.googleapis.com/v1beta1/projects/tradingbudget {"projectId":"tradingbudget","projectNumber":"480429604058","displayName":"TradingBudget","name":"projects/tradingbudget","resources":{"hostingSite":"tradingbudget","storageBucket":"tradingbudget.appspot.com","locationId":"australia-southeast1"},"state":"ACTIVE"}
[info] 
=== Hosting:github Setup
[info] 
[info] i  Detected a .git folder at /Users/allancheung/code/trading-budget 
[info] i  Authorizing with GitHub to upload your service account to a GitHub repository's secrets store. 
[info] 
[info] Visit this URL on this device to log in:
[info] https://github.com/login/oauth/authorize?client_id=89cf50f02ac6aaed3484&state=410971391&redirect_uri=http%3A%2F%2Flocalhost%3A9005&scope=read%3Auser%20repo%20public_repo
[info] 
[info] Waiting for authentication...
[debug] [2021-02-13T23:57:22.706Z] >>> HTTP REQUEST POST https://github.com/login/oauth/access_token  
 {"client_id":"89cf50f02ac6aaed3484","client_secret":"3330d14abc895d9a74d5f17cd7a00711fa2c5bf0","code":"65244897ea6d5e106797","redirect_uri":"http://localhost:9005","state":"410971391"}
[debug] [2021-02-13T23:57:23.007Z] <<< HTTP RESPONSE 200 {"server":"GitHub.com","date":"Sat, 13 Feb 2021 23:57:22 GMT","content-type":"application/json; charset=utf-8","vary":"X-PJAX, Accept-Encoding, Accept, X-Requested-With","etag":"W/\"e5fd1e7c99f9c0047cf47d2a7c74fcd7\"","cache-control":"max-age=0, private, must-revalidate","strict-transport-security":"max-age=31536000; includeSubdomains; preload","x-frame-options":"deny","x-content-type-options":"nosniff","x-xss-protection":"1; mode=block","referrer-policy":"origin-when-cross-origin, strict-origin-when-cross-origin","expect-ct":"max-age=2592000, report-uri=\"https://api.github.com/_private/browser/errors\"","content-security-policy":"default-src 'none'; base-uri 'self'; block-all-mixed-content; connect-src 'self' uploads.github.com www.githubstatus.com collector.githubapp.com api.github.com github-cloud.s3.amazonaws.com github-production-repository-file-5c1aeb.s3.amazonaws.com github-production-upload-manifest-file-7fdce7.s3.amazonaws.com github-production-user-asset-6210df.s3.amazonaws.com cdn.optimizely.com logx.optimizely.com/v1/events wss://alive.github.com; font-src github.githubassets.com; form-action 'self' github.com gist.github.com; frame-ancestors 'none'; frame-src render.githubusercontent.com; img-src 'self' data: github.githubassets.com identicons.github.com collector.githubapp.com github-cloud.s3.amazonaws.com user-images.githubusercontent.com/ *.githubusercontent.com; manifest-src 'self'; media-src 'none'; script-src github.githubassets.com; style-src 'unsafe-inline' github.githubassets.com; worker-src github.com/socket-worker-5029ae85.js gist.github.com/socket-worker-5029ae85.js","x-github-request-id":"4407:0DC9:5BCC13:7195F2:60286762","transfer-encoding":"chunked"}
[debug] [2021-02-13T23:57:23.009Z] >>> [apiv2][query] GET https://api.github.com/user [none]
[debug] [2021-02-13T23:57:23.337Z] <<< [apiv2][status] GET https://api.github.com/user 200
[debug] [2021-02-13T23:57:23.337Z] <<< [apiv2][body] GET https://api.github.com/user {"login":"awcsome","id":71304503,"node_id":"MDQ6VXNlcjcxMzA0NTAz","avatar_url":"https://avatars.githubusercontent.com/u/71304503?v=4","gravatar_id":"","url":"https://api.github.com/users/awcsome","html_url":"https://github.com/awcsome","followers_url":"https://api.github.com/users/awcsome/followers","following_url":"https://api.github.com/users/awcsome/following{/other_user}","gists_url":"https://api.github.com/users/awcsome/gists{/gist_id}","starred_url":"https://api.github.com/users/awcsome/starred{/owner}{/repo}","subscriptions_url":"https://api.github.com/users/awcsome/subscriptions","organizations_url":"https://api.github.com/users/awcsome/orgs","repos_url":"https://api.github.com/users/awcsome/repos","events_url":"https://api.github.com/users/awcsome/events{/privacy}","received_events_url":"https://api.github.com/users/awcsome/received_events","type":"User","site_admin":false,"name":null,"company":null,"blog":"","location":null,"email":null,"hireable":null,"bio":null,"twitter_username":null,"public_repos":0,"public_gists":0,"followers":0,"following":0,"created_at":"2020-09-15T03:07:17Z","updated_at":"2021-02-13T23:23:55Z","private_gists":0,"total_private_repos":3,"owned_private_repos":3,"disk_usage":31591,"collaborators":0,"two_factor_authentication":false,"plan":{"name":"free","space":976562499,"collaborators":0,"private_repos":10000}}
[info] 
[info] ✔  Success! Logged into GitHub as awcsome 
[info] 
